<?xml version="1.0" encoding="UTF-8"?><testsuite errors="0" failures="0" name="com.bestbuy.bestbuyinfo.ProductCRUDTest" skipped="0" tests="4" time="7.18" timestamp="2023-06-05T10:42:13.126+01:00[Europe/London]"><testcase classname="com.bestbuy.bestbuyinfo.ProductCRUDTest" name="This will create new product"/><testcase classname="com.bestbuy.bestbuyinfo.ProductCRUDTest" name="Verify if the product was added successfully"/><testcase classname="com.bestbuy.bestbuyinfo.ProductCRUDTest" name="Update the product and verify the updated product"/><testcase classname="com.bestbuy.bestbuyinfo.ProductCRUDTest" name="Delete the product and verify if the product  is deleted!"/></testsuite>