<?xml version="1.0" encoding="UTF-8"?><testsuite errors="0" failures="0" name="com.bestbuy.bestbuyinfo.StoreCRUDTest" skipped="0" tests="4" time="7.21" timestamp="2023-06-05T10:42:13.125+01:00[Europe/London]"><testcase classname="com.bestbuy.bestbuyinfo.StoreCRUDTest" name="This will create new store"/><testcase classname="com.bestbuy.bestbuyinfo.StoreCRUDTest" name="Verify if the store was added "/><testcase classname="com.bestbuy.bestbuyinfo.StoreCRUDTest" name="Update the information and verify"/><testcase classname="com.bestbuy.bestbuyinfo.StoreCRUDTest" name="Delete the data and verify !"/></testsuite>